<?xml version="1.0" encoding="UTF-8"?>
<testng-results skipped="0" failed="0" ignored="0" total="1" passed="1">
  <reporter-output>
  </reporter-output>
  <suite name="Default suite" duration-ms="3269" started-at="2022-06-05T07:28:21Z" finished-at="2022-06-05T07:28:25Z">
    <groups>
    </groups>
    <test name="Default test" duration-ms="3269" started-at="2022-06-05T07:28:21Z" finished-at="2022-06-05T07:28:25Z">
      <class name="apichaining.EndToEndTest">
        <test-method status="PASS" signature="test1()[pri:0, instance:apichaining.EndToEndTest@569cfc36]" name="test1" duration-ms="3235" started-at="2022-06-05T07:28:21Z" finished-at="2022-06-05T07:28:25Z">
          <reporter-output>
          </reporter-output>
        </test-method> <!-- test1 -->
      </class> <!-- apichaining.EndToEndTest -->
    </test> <!-- Default test -->
  </suite> <!-- Default suite -->
</testng-results>
